# JRE version: OpenJDK Runtime Environment Corretto-21.0.6.7.1 (21.0.6+7) (build 21.0.6+7-LTS)
# Java VM: OpenJDK 64-Bit Server VM Corretto-21.0.6.7.1 (21.0.6+7-LTS, mixed mode, sharing, tiered, compressed oops, compressed class ptrs, g1 gc, windows-amd64)
GC Precious Log:
 CardTable entry size: 512
 Card Set container configuration: InlinePtr #cards 4 size 8 Array Of Cards #cards 32 size 80 Howl #buckets 8 coarsen threshold 7372 Howl Bitmap #cards 1024 size 144 coarsen threshold 921 Card regions per heap region 1 cards per card region 8192
 CPUs: 16 total, 16 available
 Memory: 32694M
 Large Page Support: Disabled
 NUMA Support: Disabled
 Compressed Oops: Enabled (Zero based)
 Heap Region Size: 4M
 Heap Min Capacity: 8M
 Heap Initial Capacity: 512M
 Heap Max Capacity: 8176M
 Pre-touch: Disabled
 Parallel Workers: 13
 Concurrent Workers: 3
 Concurrent Refinement Workers: 13
 Periodic GC: Disabled
Heap:
 garbage-first heap   total 118784K, used 73330K [0x0000000601000000, 0x0000000800000000)
  region size 4096K, 2 young (8192K), 1 survivors (4096K)
 Metaspace       used 42977K, committed 43392K, reserved 1114112K
  class space    used 4145K, committed 4352K, reserved 1048576K
GC Heap History (20 events):
Event: 176.372 GC heap before
{Heap before GC invocations=24 (full 0):
 garbage-first heap   total 65536K, used 61896K [0x0000000601000000, 0x0000000800000000)
  region size 4096K, 4 young (16384K), 1 survivors (4096K)
 Metaspace       used 40418K, committed 40832K, reserved 1114112K
  class space    used 3926K, committed 4096K, reserved 1048576K
}
Event: 176.374 GC heap after
{Heap after GC invocations=25 (full 0):
 garbage-first heap   total 69632K, used 46036K [0x0000000601000000, 0x0000000800000000)
  region size 4096K, 1 young (4096K), 1 survivors (4096K)
 Metaspace       used 40418K, committed 40832K, reserved 1114112K
  class space    used 3926K, committed 4096K, reserved 1048576K
}
Event: 178.723 GC heap before
{Heap before GC invocations=25 (full 0):
 garbage-first heap   total 77824K, used 66516K [0x0000000601000000, 0x0000000800000000)
  region size 4096K, 4 young (16384K), 1 survivors (4096K)
 Metaspace       used 40473K, committed 40896K, reserved 1114112K
  class space    used 3928K, committed 4096K, reserved 1048576K
}
Event: 178.726 GC heap after
{Heap after GC invocations=26 (full 0):
 garbage-first heap   total 77824K, used 28967K [0x0000000601000000, 0x0000000800000000)
  region size 4096K, 1 young (4096K), 1 survivors (4096K)
 Metaspace       used 40473K, committed 40896K, reserved 1114112K
  class space    used 3928K, committed 4096K, reserved 1048576K
}
Event: 180.539 GC heap before
{Heap before GC invocations=26 (full 0):
 garbage-first heap   total 77824K, used 33063K [0x0000000601000000, 0x0000000800000000)
  region size 4096K, 3 young (12288K), 1 survivors (4096K)
 Metaspace       used 40519K, committed 40896K, reserved 1114112K
  class space    used 3930K, committed 4096K, reserved 1048576K
}
Event: 180.584 GC heap after
{Heap after GC invocations=27 (full 1):
 garbage-first heap   total 69632K, used 19249K [0x0000000601000000, 0x0000000800000000)
  region size 4096K, 0 young (0K), 0 survivors (0K)
 Metaspace       used 40519K, committed 40896K, reserved 1114112K
  class space    used 3930K, committed 4096K, reserved 1048576K
}
Event: 202.074 GC heap before
{Heap before GC invocations=27 (full 1):
 garbage-first heap   total 69632K, used 56113K [0x0000000601000000, 0x0000000800000000)
  region size 4096K, 9 young (36864K), 0 survivors (0K)
 Metaspace       used 40788K, committed 41152K, reserved 1114112K
  class space    used 3934K, committed 4096K, reserved 1048576K
}
Event: 202.076 GC heap after
{Heap after GC invocations=28 (full 1):
 garbage-first heap   total 299008K, used 21681K [0x0000000601000000, 0x0000000800000000)
  region size 4096K, 1 young (4096K), 1 survivors (4096K)
 Metaspace       used 40788K, committed 41152K, reserved 1114112K
  class space    used 3934K, committed 4096K, reserved 1048576K
}
Event: 240.603 GC heap before
{Heap before GC invocations=28 (full 1):
 garbage-first heap   total 299008K, used 119985K [0x0000000601000000, 0x0000000800000000)
  region size 4096K, 26 young (106496K), 1 survivors (4096K)
 Metaspace       used 42501K, committed 42944K, reserved 1114112K
  class space    used 4121K, committed 4352K, reserved 1048576K
}
Event: 240.624 GC heap after
{Heap after GC invocations=29 (full 2):
 garbage-first heap   total 110592K, used 12590K [0x0000000601000000, 0x0000000800000000)
  region size 4096K, 0 young (0K), 0 survivors (0K)
 Metaspace       used 42501K, committed 42944K, reserved 1114112K
  class space    used 4121K, committed 4352K, reserved 1048576K
}
Event: 2264.717 GC heap before
{Heap before GC invocations=29 (full 2):
 garbage-first heap   total 110592K, used 90414K [0x0000000601000000, 0x0000000800000000)
  region size 4096K, 15 young (61440K), 0 survivors (0K)
 Metaspace       used 42918K, committed 43328K, reserved 1114112K
  class space    used 4138K, committed 4352K, reserved 1048576K
}
Event: 2264.720 GC heap after
{Heap after GC invocations=30 (full 2):
 garbage-first heap   total 114688K, used 32886K [0x0000000601000000, 0x0000000800000000)
  region size 4096K, 1 young (4096K), 1 survivors (4096K)
 Metaspace       used 42918K, committed 43328K, reserved 1114112K
  class space    used 4138K, committed 4352K, reserved 1048576K
}
Event: 7075.722 GC heap before
{Heap before GC invocations=30 (full 2):
 garbage-first heap   total 114688K, used 36982K [0x0000000601000000, 0x0000000800000000)
  region size 4096K, 3 young (12288K), 1 survivors (4096K)
 Metaspace       used 42955K, committed 43392K, reserved 1114112K
  class space    used 4142K, committed 4352K, reserved 1048576K
}
Event: 7075.725 GC heap after
{Heap after GC invocations=31 (full 2):
 garbage-first heap   total 114688K, used 24155K [0x0000000601000000, 0x0000000800000000)
  region size 4096K, 1 young (4096K), 1 survivors (4096K)
 Metaspace       used 42955K, committed 43392K, reserved 1114112K
  class space    used 4142K, committed 4352K, reserved 1048576K
}
Event: 7078.019 GC heap before
{Heap before GC invocations=31 (full 2):
 garbage-first heap   total 114688K, used 32347K [0x0000000601000000, 0x0000000800000000)
  region size 4096K, 2 young (8192K), 1 survivors (4096K)
 Metaspace       used 42966K, committed 43392K, reserved 1114112K
  class space    used 4145K, committed 4352K, reserved 1048576K
}
Event: 7078.021 GC heap after
{Heap after GC invocations=32 (full 2):
 garbage-first heap   total 114688K, used 24168K [0x0000000601000000, 0x0000000800000000)
  region size 4096K, 1 young (4096K), 1 survivors (4096K)
 Metaspace       used 42966K, committed 43392K, reserved 1114112K
  class space    used 4145K, committed 4352K, reserved 1048576K
}
Event: 7078.188 GC heap before
{Heap before GC invocations=32 (full 2):
 garbage-first heap   total 114688K, used 32360K [0x0000000601000000, 0x0000000800000000)
  region size 4096K, 2 young (8192K), 1 survivors (4096K)
 Metaspace       used 42966K, committed 43392K, reserved 1114112K
  class space    used 4145K, committed 4352K, reserved 1048576K
}
Event: 7078.190 GC heap after
{Heap after GC invocations=33 (full 2):
 garbage-first heap   total 114688K, used 32481K [0x0000000601000000, 0x0000000800000000)
  region size 4096K, 1 young (4096K), 1 survivors (4096K)
 Metaspace       used 42966K, committed 43392K, reserved 1114112K
  class space    used 4145K, committed 4352K, reserved 1048576K
}
Event: 7098.658 GC heap before
{Heap before GC invocations=33 (full 2):
 garbage-first heap   total 114688K, used 40673K [0x0000000601000000, 0x0000000800000000)
  region size 4096K, 2 young (8192K), 1 survivors (4096K)
 Metaspace       used 42966K, committed 43392K, reserved 1114112K
  class space    used 4145K, committed 4352K, reserved 1048576K
}
Event: 7098.660 GC heap after
{Heap after GC invocations=34 (full 2):
 garbage-first heap   total 114688K, used 40562K [0x0000000601000000, 0x0000000800000000)
  region size 4096K, 1 young (4096K), 1 survivors (4096K)
 Metaspace       used 42966K, committed 43392K, reserved 1114112K
  class space    used 4145K, committed 4352K, reserved 1048576K
}

